<?xml version="1.0" encoding="UTF-8"?>
<testsuite xmlns:xsi="http://www.w3.org/2001/XMLSchema-instance" xsi:noNamespaceSchemaLocation="https://maven.apache.org/surefire/maven-surefire-plugin/xsd/surefire-test-report.xsd" name="com.lzj.demo.DemoApplicationTests" time="0.016" tests="1" errors="0" skipped="0" failures="0">
  <properties>
    <property name="sun.desktop" value="windows"/>
    <property name="awt.toolkit" value="sun.awt.windows.WToolkit"/>
    <property name="file.encoding.pkg" value="sun.io"/>
    <property name="java.specification.version" value="1.8"/>
    <property name="sun.cpu.isalist" value="amd64"/>
    <property name="sun.jnu.encoding" value="GBK"/>
    <property name="java.class.path" value="C:\Users\林子键\F-Card\mubang\target\test-classes;C:\Users\林子键\F-Card\mubang\target\classes;D:\apache-maven-3.6.1\repo\org\springframework\boot\spring-boot-starter-jdbc\2.7.4\spring-boot-starter-jdbc-2.7.4.jar;D:\apache-maven-3.6.1\repo\org\springframework\boot\spring-boot-starter\2.7.4\spring-boot-starter-2.7.4.jar;D:\apache-maven-3.6.1\repo\org\springframework\boot\spring-boot\2.7.4\spring-boot-2.7.4.jar;D:\apache-maven-3.6.1\repo\org\springframework\boot\spring-boot-autoconfigure\2.7.4\spring-boot-autoconfigure-2.7.4.jar;D:\apache-maven-3.6.1\repo\org\springframework\boot\spring-boot-starter-logging\2.7.4\spring-boot-starter-logging-2.7.4.jar;D:\apache-maven-3.6.1\repo\ch\qos\logback\logback-classic\1.2.11\logback-classic-1.2.11.jar;D:\apache-maven-3.6.1\repo\ch\qos\logback\logback-core\1.2.11\logback-core-1.2.11.jar;D:\apache-maven-3.6.1\repo\org\apache\logging\log4j\log4j-to-slf4j\2.17.2\log4j-to-slf4j-2.17.2.jar;D:\apache-maven-3.6.1\repo\org\apache\logging\log4j\log4j-api\2.17.2\log4j-api-2.17.2.jar;D:\apache-maven-3.6.1\repo\org\slf4j\jul-to-slf4j\1.7.36\jul-to-slf4j-1.7.36.jar;D:\apache-maven-3.6.1\repo\jakarta\annotation\jakarta.annotation-api\1.3.5\jakarta.annotation-api-1.3.5.jar;D:\apache-maven-3.6.1\repo\org\yaml\snakeyaml\1.30\snakeyaml-1.30.jar;D:\apache-maven-3.6.1\repo\com\zaxxer\HikariCP\4.0.3\HikariCP-4.0.3.jar;D:\apache-maven-3.6.1\repo\org\springframework\spring-jdbc\5.3.23\spring-jdbc-5.3.23.jar;D:\apache-maven-3.6.1\repo\org\springframework\spring-beans\5.3.23\spring-beans-5.3.23.jar;D:\apache-maven-3.6.1\repo\org\springframework\spring-tx\5.3.23\spring-tx-5.3.23.jar;D:\apache-maven-3.6.1\repo\org\springframework\boot\spring-boot-starter-web\2.7.4\spring-boot-starter-web-2.7.4.jar;D:\apache-maven-3.6.1\repo\org\springframework\boot\spring-boot-starter-json\2.7.4\spring-boot-starter-json-2.7.4.jar;D:\apache-maven-3.6.1\repo\com\fasterxml\jackson\core\jackson-databind\2.13.4\jackson-databind-2.13.4.jar;D:\apache-maven-3.6.1\repo\com\fasterxml\jackson\core\jackson-annotations\2.13.4\jackson-annotations-2.13.4.jar;D:\apache-maven-3.6.1\repo\com\fasterxml\jackson\core\jackson-core\2.13.4\jackson-core-2.13.4.jar;D:\apache-maven-3.6.1\repo\com\fasterxml\jackson\datatype\jackson-datatype-jdk8\2.13.4\jackson-datatype-jdk8-2.13.4.jar;D:\apache-maven-3.6.1\repo\com\fasterxml\jackson\datatype\jackson-datatype-jsr310\2.13.4\jackson-datatype-jsr310-2.13.4.jar;D:\apache-maven-3.6.1\repo\com\fasterxml\jackson\module\jackson-module-parameter-names\2.13.4\jackson-module-parameter-names-2.13.4.jar;D:\apache-maven-3.6.1\repo\org\springframework\boot\spring-boot-starter-tomcat\2.7.4\spring-boot-starter-tomcat-2.7.4.jar;D:\apache-maven-3.6.1\repo\org\apache\tomcat\embed\tomcat-embed-core\9.0.65\tomcat-embed-core-9.0.65.jar;D:\apache-maven-3.6.1\repo\org\apache\tomcat\embed\tomcat-embed-el\9.0.65\tomcat-embed-el-9.0.65.jar;D:\apache-maven-3.6.1\repo\org\apache\tomcat\embed\tomcat-embed-websocket\9.0.65\tomcat-embed-websocket-9.0.65.jar;D:\apache-maven-3.6.1\repo\org\springframework\spring-web\5.3.23\spring-web-5.3.23.jar;D:\apache-maven-3.6.1\repo\org\springframework\spring-webmvc\5.3.23\spring-webmvc-5.3.23.jar;D:\apache-maven-3.6.1\repo\org\springframework\spring-aop\5.3.23\spring-aop-5.3.23.jar;D:\apache-maven-3.6.1\repo\org\springframework\spring-context\5.3.23\spring-context-5.3.23.jar;D:\apache-maven-3.6.1\repo\org\springframework\spring-expression\5.3.23\spring-expression-5.3.23.jar;D:\apache-maven-3.6.1\repo\net\sf\json-lib\json-lib\2.4\json-lib-2.4-jdk15.jar;D:\apache-maven-3.6.1\repo\commons-beanutils\commons-beanutils\1.8.0\commons-beanutils-1.8.0.jar;D:\apache-maven-3.6.1\repo\commons-collections\commons-collections\3.2.1\commons-collections-3.2.1.jar;D:\apache-maven-3.6.1\repo\commons-lang\commons-lang\2.5\commons-lang-2.5.jar;D:\apache-maven-3.6.1\repo\commons-logging\commons-logging\1.1.1\commons-logging-1.1.1.jar;D:\apache-maven-3.6.1\repo\net\sf\ezmorph\ezmorph\1.0.6\ezmorph-1.0.6.jar;D:\apache-maven-3.6.1\repo\mysql\mysql-connector-java\8.0.30\mysql-connector-java-8.0.30.jar;D:\apache-maven-3.6.1\repo\org\hibernate\validator\hibernate-validator\8.0.0.Final\hibernate-validator-8.0.0.Final.jar;D:\apache-maven-3.6.1\repo\jakarta\validation\jakarta.validation-api\2.0.2\jakarta.validation-api-2.0.2.jar;D:\apache-maven-3.6.1\repo\org\jboss\logging\jboss-logging\3.4.3.Final\jboss-logging-3.4.3.Final.jar;D:\apache-maven-3.6.1\repo\com\fasterxml\classmate\1.5.1\classmate-1.5.1.jar;D:\apache-maven-3.6.1\repo\org\springframework\boot\spring-boot-configuration-processor\2.7.4\spring-boot-configuration-processor-2.7.4.jar;D:\apache-maven-3.6.1\repo\com\jayway\jsonpath\json-path\2.7.0\json-path-2.7.0.jar;D:\apache-maven-3.6.1\repo\net\minidev\json-smart\2.4.8\json-smart-2.4.8.jar;D:\apache-maven-3.6.1\repo\net\minidev\accessors-smart\2.4.8\accessors-smart-2.4.8.jar;D:\apache-maven-3.6.1\repo\org\ow2\asm\asm\9.1\asm-9.1.jar;D:\apache-maven-3.6.1\repo\org\slf4j\slf4j-api\1.7.36\slf4j-api-1.7.36.jar;D:\apache-maven-3.6.1\repo\org\mybatis\mybatis\3.5.11\mybatis-3.5.11.jar;D:\apache-maven-3.6.1\repo\org\springframework\boot\spring-boot-starter-test\2.7.4\spring-boot-starter-test-2.7.4.jar;D:\apache-maven-3.6.1\repo\org\springframework\boot\spring-boot-test\2.7.4\spring-boot-test-2.7.4.jar;D:\apache-maven-3.6.1\repo\org\springframework\boot\spring-boot-test-autoconfigure\2.7.4\spring-boot-test-autoconfigure-2.7.4.jar;D:\apache-maven-3.6.1\repo\jakarta\xml\bind\jakarta.xml.bind-api\2.3.3\jakarta.xml.bind-api-2.3.3.jar;D:\apache-maven-3.6.1\repo\jakarta\activation\jakarta.activation-api\1.2.2\jakarta.activation-api-1.2.2.jar;D:\apache-maven-3.6.1\repo\org\assertj\assertj-core\3.22.0\assertj-core-3.22.0.jar;D:\apache-maven-3.6.1\repo\org\hamcrest\hamcrest\2.2\hamcrest-2.2.jar;D:\apache-maven-3.6.1\repo\org\junit\jupiter\junit-jupiter\5.8.2\junit-jupiter-5.8.2.jar;D:\apache-maven-3.6.1\repo\org\junit\jupiter\junit-jupiter-api\5.8.2\junit-jupiter-api-5.8.2.jar;D:\apache-maven-3.6.1\repo\org\opentest4j\opentest4j\1.2.0\opentest4j-1.2.0.jar;D:\apache-maven-3.6.1\repo\org\junit\platform\junit-platform-commons\1.8.2\junit-platform-commons-1.8.2.jar;D:\apache-maven-3.6.1\repo\org\apiguardian\apiguardian-api\1.1.2\apiguardian-api-1.1.2.jar;D:\apache-maven-3.6.1\repo\org\junit\jupiter\junit-jupiter-params\5.8.2\junit-jupiter-params-5.8.2.jar;D:\apache-maven-3.6.1\repo\org\junit\jupiter\junit-jupiter-engine\5.8.2\junit-jupiter-engine-5.8.2.jar;D:\apache-maven-3.6.1\repo\org\junit\platform\junit-platform-engine\1.8.2\junit-platform-engine-1.8.2.jar;D:\apache-maven-3.6.1\repo\org\mockito\mockito-core\4.5.1\mockito-core-4.5.1.jar;D:\apache-maven-3.6.1\repo\net\bytebuddy\byte-buddy\1.12.17\byte-buddy-1.12.17.jar;D:\apache-maven-3.6.1\repo\net\bytebuddy\byte-buddy-agent\1.12.17\byte-buddy-agent-1.12.17.jar;D:\apache-maven-3.6.1\repo\org\objenesis\objenesis\3.2\objenesis-3.2.jar;D:\apache-maven-3.6.1\repo\org\mockito\mockito-junit-jupiter\4.5.1\mockito-junit-jupiter-4.5.1.jar;D:\apache-maven-3.6.1\repo\org\skyscreamer\jsonassert\1.5.1\jsonassert-1.5.1.jar;D:\apache-maven-3.6.1\repo\com\vaadin\external\google\android-json\0.0.20131108.vaadin1\android-json-0.0.20131108.vaadin1.jar;D:\apache-maven-3.6.1\repo\org\springframework\spring-core\5.3.23\spring-core-5.3.23.jar;D:\apache-maven-3.6.1\repo\org\springframework\spring-jcl\5.3.23\spring-jcl-5.3.23.jar;D:\apache-maven-3.6.1\repo\org\springframework\spring-test\5.3.23\spring-test-5.3.23.jar;D:\apache-maven-3.6.1\repo\org\xmlunit\xmlunit-core\2.9.0\xmlunit-core-2.9.0.jar;D:\apache-maven-3.6.1\repo\junit\junit\4.13.2\junit-4.13.2.jar;D:\apache-maven-3.6.1\repo\org\hamcrest\hamcrest-core\2.2\hamcrest-core-2.2.jar;D:\apache-maven-3.6.1\repo\org\projectlombok\lombok\1.18.24\lombok-1.18.24.jar;D:\apache-maven-3.6.1\repo\org\mybatis\spring\boot\mybatis-spring-boot-starter\2.2.2\mybatis-spring-boot-starter-2.2.2.jar;D:\apache-maven-3.6.1\repo\org\mybatis\spring\boot\mybatis-spring-boot-autoconfigure\2.2.2\mybatis-spring-boot-autoconfigure-2.2.2.jar;D:\apache-maven-3.6.1\repo\org\mybatis\mybatis-spring\2.0.7\mybatis-spring-2.0.7.jar;D:\apache-maven-3.6.1\repo\com\alibaba\druid\1.2.14\druid-1.2.14.jar;D:\apache-maven-3.6.1\repo\log4j\log4j\1.2.17\log4j-1.2.17.jar;"/>
    <property name="java.vm.vendor" value="Oracle Corporation"/>
    <property name="sun.arch.data.model" value="64"/>
    <property name="user.variant" value=""/>
    <property name="java.vendor.url" value="http://java.oracle.com/"/>
    <property name="user.timezone" value="GMT+08:00"/>
    <property name="java.vm.specification.version" value="1.8"/>
    <property name="os.name" value="Windows 10"/>
    <property name="user.country" value="CN"/>
    <property name="sun.java.launcher" value="SUN_STANDARD"/>
    <property name="sun.boot.library.path" value="D:\jre\bin"/>
    <property name="sun.java.command" value="C:\Users\林子键\AppData\Local\Temp\surefire1285665944605813601\surefirebooter7319906323302510646.jar C:\Users\林子键\AppData\Local\Temp\surefire1285665944605813601 2022-11-11T23-12-02_803-jvmRun1 surefire7872565436647217757tmp surefire_05160427079573294678tmp"/>
    <property name="surefire.test.class.path" value="C:\Users\林子键\F-Card\mubang\target\test-classes;C:\Users\林子键\F-Card\mubang\target\classes;D:\apache-maven-3.6.1\repo\org\springframework\boot\spring-boot-starter-jdbc\2.7.4\spring-boot-starter-jdbc-2.7.4.jar;D:\apache-maven-3.6.1\repo\org\springframework\boot\spring-boot-starter\2.7.4\spring-boot-starter-2.7.4.jar;D:\apache-maven-3.6.1\repo\org\springframework\boot\spring-boot\2.7.4\spring-boot-2.7.4.jar;D:\apache-maven-3.6.1\repo\org\springframework\boot\spring-boot-autoconfigure\2.7.4\spring-boot-autoconfigure-2.7.4.jar;D:\apache-maven-3.6.1\repo\org\springframework\boot\spring-boot-starter-logging\2.7.4\spring-boot-starter-logging-2.7.4.jar;D:\apache-maven-3.6.1\repo\ch\qos\logback\logback-classic\1.2.11\logback-classic-1.2.11.jar;D:\apache-maven-3.6.1\repo\ch\qos\logback\logback-core\1.2.11\logback-core-1.2.11.jar;D:\apache-maven-3.6.1\repo\org\apache\logging\log4j\log4j-to-slf4j\2.17.2\log4j-to-slf4j-2.17.2.jar;D:\apache-maven-3.6.1\repo\org\apache\logging\log4j\log4j-api\2.17.2\log4j-api-2.17.2.jar;D:\apache-maven-3.6.1\repo\org\slf4j\jul-to-slf4j\1.7.36\jul-to-slf4j-1.7.36.jar;D:\apache-maven-3.6.1\repo\jakarta\annotation\jakarta.annotation-api\1.3.5\jakarta.annotation-api-1.3.5.jar;D:\apache-maven-3.6.1\repo\org\yaml\snakeyaml\1.30\snakeyaml-1.30.jar;D:\apache-maven-3.6.1\repo\com\zaxxer\HikariCP\4.0.3\HikariCP-4.0.3.jar;D:\apache-maven-3.6.1\repo\org\springframework\spring-jdbc\5.3.23\spring-jdbc-5.3.23.jar;D:\apache-maven-3.6.1\repo\org\springframework\spring-beans\5.3.23\spring-beans-5.3.23.jar;D:\apache-maven-3.6.1\repo\org\springframework\spring-tx\5.3.23\spring-tx-5.3.23.jar;D:\apache-maven-3.6.1\repo\org\springframework\boot\spring-boot-starter-web\2.7.4\spring-boot-starter-web-2.7.4.jar;D:\apache-maven-3.6.1\repo\org\springframework\boot\spring-boot-starter-json\2.7.4\spring-boot-starter-json-2.7.4.jar;D:\apache-maven-3.6.1\repo\com\fasterxml\jackson\core\jackson-databind\2.13.4\jackson-databind-2.13.4.jar;D:\apache-maven-3.6.1\repo\com\fasterxml\jackson\core\jackson-annotations\2.13.4\jackson-annotations-2.13.4.jar;D:\apache-maven-3.6.1\repo\com\fasterxml\jackson\core\jackson-core\2.13.4\jackson-core-2.13.4.jar;D:\apache-maven-3.6.1\repo\com\fasterxml\jackson\datatype\jackson-datatype-jdk8\2.13.4\jackson-datatype-jdk8-2.13.4.jar;D:\apache-maven-3.6.1\repo\com\fasterxml\jackson\datatype\jackson-datatype-jsr310\2.13.4\jackson-datatype-jsr310-2.13.4.jar;D:\apache-maven-3.6.1\repo\com\fasterxml\jackson\module\jackson-module-parameter-names\2.13.4\jackson-module-parameter-names-2.13.4.jar;D:\apache-maven-3.6.1\repo\org\springframework\boot\spring-boot-starter-tomcat\2.7.4\spring-boot-starter-tomcat-2.7.4.jar;D:\apache-maven-3.6.1\repo\org\apache\tomcat\embed\tomcat-embed-core\9.0.65\tomcat-embed-core-9.0.65.jar;D:\apache-maven-3.6.1\repo\org\apache\tomcat\embed\tomcat-embed-el\9.0.65\tomcat-embed-el-9.0.65.jar;D:\apache-maven-3.6.1\repo\org\apache\tomcat\embed\tomcat-embed-websocket\9.0.65\tomcat-embed-websocket-9.0.65.jar;D:\apache-maven-3.6.1\repo\org\springframework\spring-web\5.3.23\spring-web-5.3.23.jar;D:\apache-maven-3.6.1\repo\org\springframework\spring-webmvc\5.3.23\spring-webmvc-5.3.23.jar;D:\apache-maven-3.6.1\repo\org\springframework\spring-aop\5.3.23\spring-aop-5.3.23.jar;D:\apache-maven-3.6.1\repo\org\springframework\spring-context\5.3.23\spring-context-5.3.23.jar;D:\apache-maven-3.6.1\repo\org\springframework\spring-expression\5.3.23\spring-expression-5.3.23.jar;D:\apache-maven-3.6.1\repo\net\sf\json-lib\json-lib\2.4\json-lib-2.4-jdk15.jar;D:\apache-maven-3.6.1\repo\commons-beanutils\commons-beanutils\1.8.0\commons-beanutils-1.8.0.jar;D:\apache-maven-3.6.1\repo\commons-collections\commons-collections\3.2.1\commons-collections-3.2.1.jar;D:\apache-maven-3.6.1\repo\commons-lang\commons-lang\2.5\commons-lang-2.5.jar;D:\apache-maven-3.6.1\repo\commons-logging\commons-logging\1.1.1\commons-logging-1.1.1.jar;D:\apache-maven-3.6.1\repo\net\sf\ezmorph\ezmorph\1.0.6\ezmorph-1.0.6.jar;D:\apache-maven-3.6.1\repo\mysql\mysql-connector-java\8.0.30\mysql-connector-java-8.0.30.jar;D:\apache-maven-3.6.1\repo\org\hibernate\validator\hibernate-validator\8.0.0.Final\hibernate-validator-8.0.0.Final.jar;D:\apache-maven-3.6.1\repo\jakarta\validation\jakarta.validation-api\2.0.2\jakarta.validation-api-2.0.2.jar;D:\apache-maven-3.6.1\repo\org\jboss\logging\jboss-logging\3.4.3.Final\jboss-logging-3.4.3.Final.jar;D:\apache-maven-3.6.1\repo\com\fasterxml\classmate\1.5.1\classmate-1.5.1.jar;D:\apache-maven-3.6.1\repo\org\springframework\boot\spring-boot-configuration-processor\2.7.4\spring-boot-configuration-processor-2.7.4.jar;D:\apache-maven-3.6.1\repo\com\jayway\jsonpath\json-path\2.7.0\json-path-2.7.0.jar;D:\apache-maven-3.6.1\repo\net\minidev\json-smart\2.4.8\json-smart-2.4.8.jar;D:\apache-maven-3.6.1\repo\net\minidev\accessors-smart\2.4.8\accessors-smart-2.4.8.jar;D:\apache-maven-3.6.1\repo\org\ow2\asm\asm\9.1\asm-9.1.jar;D:\apache-maven-3.6.1\repo\org\slf4j\slf4j-api\1.7.36\slf4j-api-1.7.36.jar;D:\apache-maven-3.6.1\repo\org\mybatis\mybatis\3.5.11\mybatis-3.5.11.jar;D:\apache-maven-3.6.1\repo\org\springframework\boot\spring-boot-starter-test\2.7.4\spring-boot-starter-test-2.7.4.jar;D:\apache-maven-3.6.1\repo\org\springframework\boot\spring-boot-test\2.7.4\spring-boot-test-2.7.4.jar;D:\apache-maven-3.6.1\repo\org\springframework\boot\spring-boot-test-autoconfigure\2.7.4\spring-boot-test-autoconfigure-2.7.4.jar;D:\apache-maven-3.6.1\repo\jakarta\xml\bind\jakarta.xml.bind-api\2.3.3\jakarta.xml.bind-api-2.3.3.jar;D:\apache-maven-3.6.1\repo\jakarta\activation\jakarta.activation-api\1.2.2\jakarta.activation-api-1.2.2.jar;D:\apache-maven-3.6.1\repo\org\assertj\assertj-core\3.22.0\assertj-core-3.22.0.jar;D:\apache-maven-3.6.1\repo\org\hamcrest\hamcrest\2.2\hamcrest-2.2.jar;D:\apache-maven-3.6.1\repo\org\junit\jupiter\junit-jupiter\5.8.2\junit-jupiter-5.8.2.jar;D:\apache-maven-3.6.1\repo\org\junit\jupiter\junit-jupiter-api\5.8.2\junit-jupiter-api-5.8.2.jar;D:\apache-maven-3.6.1\repo\org\opentest4j\opentest4j\1.2.0\opentest4j-1.2.0.jar;D:\apache-maven-3.6.1\repo\org\junit\platform\junit-platform-commons\1.8.2\junit-platform-commons-1.8.2.jar;D:\apache-maven-3.6.1\repo\org\apiguardian\apiguardian-api\1.1.2\apiguardian-api-1.1.2.jar;D:\apache-maven-3.6.1\repo\org\junit\jupiter\junit-jupiter-params\5.8.2\junit-jupiter-params-5.8.2.jar;D:\apache-maven-3.6.1\repo\org\junit\jupiter\junit-jupiter-engine\5.8.2\junit-jupiter-engine-5.8.2.jar;D:\apache-maven-3.6.1\repo\org\junit\platform\junit-platform-engine\1.8.2\junit-platform-engine-1.8.2.jar;D:\apache-maven-3.6.1\repo\org\mockito\mockito-core\4.5.1\mockito-core-4.5.1.jar;D:\apache-maven-3.6.1\repo\net\bytebuddy\byte-buddy\1.12.17\byte-buddy-1.12.17.jar;D:\apache-maven-3.6.1\repo\net\bytebuddy\byte-buddy-agent\1.12.17\byte-buddy-agent-1.12.17.jar;D:\apache-maven-3.6.1\repo\org\objenesis\objenesis\3.2\objenesis-3.2.jar;D:\apache-maven-3.6.1\repo\org\mockito\mockito-junit-jupiter\4.5.1\mockito-junit-jupiter-4.5.1.jar;D:\apache-maven-3.6.1\repo\org\skyscreamer\jsonassert\1.5.1\jsonassert-1.5.1.jar;D:\apache-maven-3.6.1\repo\com\vaadin\external\google\android-json\0.0.20131108.vaadin1\android-json-0.0.20131108.vaadin1.jar;D:\apache-maven-3.6.1\repo\org\springframework\spring-core\5.3.23\spring-core-5.3.23.jar;D:\apache-maven-3.6.1\repo\org\springframework\spring-jcl\5.3.23\spring-jcl-5.3.23.jar;D:\apache-maven-3.6.1\repo\org\springframework\spring-test\5.3.23\spring-test-5.3.23.jar;D:\apache-maven-3.6.1\repo\org\xmlunit\xmlunit-core\2.9.0\xmlunit-core-2.9.0.jar;D:\apache-maven-3.6.1\repo\junit\junit\4.13.2\junit-4.13.2.jar;D:\apache-maven-3.6.1\repo\org\hamcrest\hamcrest-core\2.2\hamcrest-core-2.2.jar;D:\apache-maven-3.6.1\repo\org\projectlombok\lombok\1.18.24\lombok-1.18.24.jar;D:\apache-maven-3.6.1\repo\org\mybatis\spring\boot\mybatis-spring-boot-starter\2.2.2\mybatis-spring-boot-starter-2.2.2.jar;D:\apache-maven-3.6.1\repo\org\mybatis\spring\boot\mybatis-spring-boot-autoconfigure\2.2.2\mybatis-spring-boot-autoconfigure-2.2.2.jar;D:\apache-maven-3.6.1\repo\org\mybatis\mybatis-spring\2.0.7\mybatis-spring-2.0.7.jar;D:\apache-maven-3.6.1\repo\com\alibaba\druid\1.2.14\druid-1.2.14.jar;D:\apache-maven-3.6.1\repo\log4j\log4j\1.2.17\log4j-1.2.17.jar;"/>
    <property name="sun.cpu.endian" value="little"/>
    <property name="user.home" value="C:\Users\林子键"/>
    <property name="user.language" value="zh"/>
    <property name="java.specification.vendor" value="Oracle Corporation"/>
    <property name="java.home" value="D:\jre"/>
    <property name="basedir" value="C:\Users\林子键\F-Card\mubang"/>
    <property name="file.separator" value="\"/>
    <property name="line.separator" value="&#10;"/>
    <property name="java.vm.specification.vendor" value="Oracle Corporation"/>
    <property name="java.specification.name" value="Java Platform API Specification"/>
    <property name="java.awt.graphicsenv" value="sun.awt.Win32GraphicsEnvironment"/>
    <property name="surefire.real.class.path" value="C:\Users\林子键\AppData\Local\Temp\surefire1285665944605813601\surefirebooter7319906323302510646.jar"/>
    <property name="sun.boot.class.path" value="D:\jre\lib\resources.jar;D:\jre\lib\rt.jar;D:\jre\lib\sunrsasign.jar;D:\jre\lib\jsse.jar;D:\jre\lib\jce.jar;D:\jre\lib\charsets.jar;D:\jre\lib\jfr.jar;D:\jre\classes"/>
    <property name="user.script" value=""/>
    <property name="sun.management.compiler" value="HotSpot 64-Bit Tiered Compilers"/>
    <property name="java.runtime.version" value="1.8.0_131-b11"/>
    <property name="user.name" value="林子键"/>
    <property name="path.separator" value=";"/>
    <property name="os.version" value="10.0"/>
    <property name="java.endorsed.dirs" value="D:\jre\lib\endorsed"/>
    <property name="java.runtime.name" value="Java(TM) SE Runtime Environment"/>
    <property name="file.encoding" value="GBK"/>
    <property name="java.vm.name" value="Java HotSpot(TM) 64-Bit Server VM"/>
    <property name="localRepository" value="D:\apache-maven-3.6.1\repo"/>
    <property name="java.vendor.url.bug" value="http://bugreport.sun.com/bugreport/"/>
    <property name="java.io.tmpdir" value="C:\Users\林子键\AppData\Local\Temp\"/>
    <property name="idea.version" value="2020.2"/>
    <property name="java.version" value="1.8.0_131"/>
    <property name="user.dir" value="C:\Users\林子键\F-Card\mubang"/>
    <property name="os.arch" value="amd64"/>
    <property name="java.vm.specification.name" value="Java Virtual Machine Specification"/>
    <property name="java.awt.printerjob" value="sun.awt.windows.WPrinterJob"/>
    <property name="sun.os.patch.level" value=""/>
    <property name="java.library.path" value="D:\jre\bin;C:\WINDOWS\Sun\Java\bin;C:\WINDOWS\system32;C:\WINDOWS;D:\bin\;D:\apache-maven-3.6.1\bin;C:\ProgramData\Oracle\Java\javapath;D:;bin\;C:\windows\system32;C:\windows;C:\windows\System32\Wbem;C:\windows\System32\WindowsPowerShell\v1.0\;C:\windows\System32\OpenSSH\;C:\Program Files (x86)\NVIDIA Corporation\PhysX\Common;C:\Program Files\NVIDIA Corporation\NVIDIA NvDLISR;D:\Program Files\Polyspace\R2021a\runtime\win64;D:\Program Files\Polyspace\R2021a\bin;D:\Program Files\Polyspace\R2021a\polyspace\bin;C:\WINDOWS\system32;C:\WINDOWS;C:\WINDOWS\System32\Wbem;C:\WINDOWS\System32\WindowsPowerShell\v1.0\;C:\WINDOWS\System32\OpenSSH\;D:\ASC\;D:\;D:\Git\cmd;C:\Program Files\MySQL\MySQL Shell 8.0\bin\;D:\\bin;D:\apache-maven-3.6.1\bin;C:\Users\林子键\AppData\Local\Programs\Python\Python39\Scripts\;C:\Users\林子键\AppData\Local\Programs\Python\Python39\;C:\Users\林子键\AppData\Local\Microsoft\WindowsApps;C:\Users\林子键\AppData\Roaming\npm;D:\新建文件夹 (2)\miktex\bin\x64\;D:\Microsoft VS Code\bin;D:\PyCharm 2022.2.1\bin;;D:\environment\scala-2.12.13\bin;;."/>
    <property name="java.vm.info" value="mixed mode"/>
    <property name="java.vendor" value="Oracle Corporation"/>
    <property name="java.vm.version" value="25.131-b11"/>
    <property name="java.ext.dirs" value="D:\jre\lib\ext;C:\WINDOWS\Sun\Java\lib\ext"/>
    <property name="sun.io.unicode.encoding" value="UnicodeLittle"/>
    <property name="maven.repo.local" value="D:\apache-maven-3.6.1\repo"/>
    <property name="java.class.version" value="52.0"/>
  </properties>
  <testcase name="contextLoads" classname="com.lzj.demo.DemoApplicationTests" time="0.001"/>
</testsuite>